<?xml version="1.0" encoding="UTF-8"?>
<testng-results ignored="0" total="1" passed="1" failed="0" skipped="0">
  <reporter-output>
  </reporter-output>
  <suite started-at="2021-12-27T23:42:11 IST" name="Default suite" finished-at="2021-12-27T23:42:38 IST" duration-ms="26837">
    <groups>
    </groups>
    <test started-at="2021-12-27T23:42:11 IST" name="Default test" finished-at="2021-12-27T23:42:38 IST" duration-ms="26837">
      <class name="com.crm.autodesk.Contacts.CreateContactWithMarketingGroup">
        <test-method is-config="true" signature="configBS()[pri:0, instance:com.crm.autodesk.Contacts.CreateContactWithMarketingGroup@f5acb9d]" started-at="2021-12-27T23:42:11 IST" name="configBS" finished-at="2021-12-27T23:42:11 IST" duration-ms="10" status="PASS">
          <reporter-output>
          </reporter-output>
        </test-method> <!-- configBS -->
        <test-method is-config="true" signature="configBC()[pri:0, instance:com.crm.autodesk.Contacts.CreateContactWithMarketingGroup@f5acb9d]" started-at="2021-12-27T23:42:11 IST" name="configBC" finished-at="2021-12-27T23:42:13 IST" duration-ms="2048" status="PASS">
          <reporter-output>
          </reporter-output>
        </test-method> <!-- configBC -->
        <test-method is-config="true" signature="configBM()[pri:0, instance:com.crm.autodesk.Contacts.CreateContactWithMarketingGroup@f5acb9d]" started-at="2021-12-27T23:42:13 IST" name="configBM" finished-at="2021-12-27T23:42:20 IST" duration-ms="6190" status="PASS">
          <reporter-output>
          </reporter-output>
        </test-method> <!-- configBM -->
        <test-method signature="createCntctWithMarketingGrp()[pri:0, instance:com.crm.autodesk.Contacts.CreateContactWithMarketingGroup@f5acb9d]" started-at="2021-12-27T23:42:20 IST" name="createCntctWithMarketingGrp" finished-at="2021-12-27T23:42:36 IST" duration-ms="16034" status="PASS">
          <reporter-output>
          </reporter-output>
        </test-method> <!-- createCntctWithMarketingGrp -->
        <test-method is-config="true" signature="configAM()[pri:0, instance:com.crm.autodesk.Contacts.CreateContactWithMarketingGroup@f5acb9d]" started-at="2021-12-27T23:42:36 IST" name="configAM" finished-at="2021-12-27T23:42:38 IST" duration-ms="2196" status="PASS">
          <reporter-output>
          </reporter-output>
        </test-method> <!-- configAM -->
        <test-method is-config="true" signature="configAC()[pri:0, instance:com.crm.autodesk.Contacts.CreateContactWithMarketingGroup@f5acb9d]" started-at="2021-12-27T23:42:38 IST" name="configAC" finished-at="2021-12-27T23:42:38 IST" duration-ms="305" status="PASS">
          <reporter-output>
          </reporter-output>
        </test-method> <!-- configAC -->
        <test-method is-config="true" signature="configAS()[pri:0, instance:com.crm.autodesk.Contacts.CreateContactWithMarketingGroup@f5acb9d]" started-at="2021-12-27T23:42:38 IST" name="configAS" finished-at="2021-12-27T23:42:38 IST" duration-ms="1" status="PASS">
          <reporter-output>
          </reporter-output>
        </test-method> <!-- configAS -->
      </class> <!-- com.crm.autodesk.Contacts.CreateContactWithMarketingGroup -->
    </test> <!-- Default test -->
  </suite> <!-- Default suite -->
</testng-results>
